Command line:
   tb_isim_beh.exe
     -simmode  gui
     -simrunnum  0
     -socket  64491

Sat May 13 03:04:37 2023


 Elaboration Time: 0.03125 sec

 Current Memory Usage: 5150.32 Meg

 Total Signals          : 22
 Total Nets             : 26
 Total Signal Drivers   : 16
 Total Blocks           : 3
 Total Primitive Blocks : 2
 Total Processes        : 18
 Total Traceable Variables  : 20
 Total Scalar Nets and Variables : 110
Total Line Count : 27

 Total Simulation Time: 0.046875 sec

 Current Memory Usage: 4678.46 Meg

Sat May 13 03:27:02 2023

