Command line:
   tb_isim_beh.exe
     -simmode  gui
     -simrunnum  0
     -socket  62528

Sat Feb 25 18:11:53 2023


 Elaboration Time: 0.03125 sec

 Current Memory Usage: 5149.75 Meg

 Total Signals          : 17
 Total Nets             : 20
 Total Signal Drivers   : 9
 Total Blocks           : 3
 Total Primitive Blocks : 2
 Total Processes        : 15
 Total Traceable Variables  : 24
 Total Scalar Nets and Variables : 109
Total Line Count : 35

 Total Simulation Time: 0.140625 sec

 Current Memory Usage: 4677.89 Meg

Sat Feb 25 19:33:56 2023

