Command line:
   tb_paramitirized_isim_beh.exe
     -simmode  gui
     -simrunnum  0
     -socket  59043

Fri Apr 14 02:25:11 2023


 Elaboration Time: 0.03125 sec

 Current Memory Usage: 5149.68 Meg

 Total Signals          : 18
 Total Nets             : 27
 Total Signal Drivers   : 10
 Total Blocks           : 3
 Total Primitive Blocks : 2
 Total Processes        : 13
 Total Traceable Variables  : 26
 Total Scalar Nets and Variables : 190
Total Line Count : 26

 Total Simulation Time: 0.03125 sec

 Current Memory Usage: 4677.82 Meg

Fri Apr 14 02:59:40 2023

