Command line:
   SOPTB_isim_beh.exe
     -simmode  gui
     -simrunnum  0
     -socket  54441

Thu May 18 18:44:22 2023


 Elaboration Time: 0.015625 sec

 Current Memory Usage: 5150.57 Meg

 Total Signals          : 28
 Total Nets             : 27
 Total Signal Drivers   : 19
 Total Blocks           : 3
 Total Primitive Blocks : 2
 Total Processes        : 21
 Total Traceable Variables  : 22
 Total Scalar Nets and Variables : 111
Total Line Count : 19

 Total Simulation Time: 0.015625 sec

 Current Memory Usage: 5150.57 Meg

Thu May 18 18:44:49 2023

