#-----------------------------------------------------------
# PlanAhead v14.5 (64-bit)
# Build 247527 by xbuild on Mon Mar 25 17:13:07 MDT 2013
# Start of session at: Fri Jun 02 19:53:47 2023
# Process ID: 1716
# Log file: D:/aaaaa/Lab_10_Seq/planAhead_run_1/planAhead.log
# Journal file: D:/aaaaa/Lab_10_Seq/planAhead_run_1/planAhead.jou
#-----------------------------------------------------------
INFO: [Common 17-78] Attempting to get a license: PlanAhead
INFO: [Common 17-290] Got license for PlanAhead
INFO: [Device 21-36] Loading parts and site information from C:/Xilinx/14.5/ISE_DS/PlanAhead/data/parts/arch.xml
Parsing RTL primitives file [C:/Xilinx/14.5/ISE_DS/PlanAhead/data/parts/xilinx/rtl/prims/rtl_prims.xml]
Finished parsing RTL primitives file [C:/Xilinx/14.5/ISE_DS/PlanAhead/data/parts/xilinx/rtl/prims/rtl_prims.xml]
start_gui
source D:/aaaaa/Lab_10_Seq/pa.fromHdl.tcl
# create_project -name Lab_10_Seq -dir "D:/aaaaa/Lab_10_Seq/planAhead_run_1" -part xc3s500efg320-4
# set_param project.pinAheadLayout yes
# set srcset [get_property srcset [current_run -impl]]
# set_property target_constrs_file "main.ucf" [current_fileset -constrset]
Adding file 'D:/aaaaa/Lab_10_Seq/main.ucf' to fileset 'constrs_1'
# set hdlfile [add_files [list {logicB.v}]]
# set_property file_type Verilog $hdlfile
# set_property library work $hdlfile
# set hdlfile [add_files [list {logicA.v}]]
# set_property file_type Verilog $hdlfile
# set_property library work $hdlfile
# set hdlfile [add_files [list {dff.v}]]
# set_property file_type Verilog $hdlfile
# set_property library work $hdlfile
# set hdlfile [add_files [list {main.v}]]
# set_property file_type Verilog $hdlfile
# set_property library work $hdlfile
# set_property top main $srcset
# add_files [list {main.ucf}] -fileset [get_property constrset [current_run]]
# open_rtl_design -part xc3s500efg320-4
Using Verific elaboration
Parsing VHDL file "C:/Xilinx/14.5/ISE_DS/PlanAhead/data/parts/xilinx/rtl/lib/synplify/synattr.vhd" into library synplify
Analyzing Verilog file "D:/aaaaa/Lab_10_Seq/logicB.v" into library work
Analyzing Verilog file "D:/aaaaa/Lab_10_Seq/logicA.v" into library work
Analyzing Verilog file "D:/aaaaa/Lab_10_Seq/dff.v" into library work
Analyzing Verilog file "D:/aaaaa/Lab_10_Seq/main.v" into library work
CRITICAL WARNING: [EDIF 20-96] Could not resolve non-primitive black box cell 'clk_dvsr' instantiated as 'CL' [D:/aaaaa/Lab_10_Seq/main.v:25]
Resolution: File names need to match cell names: an EDIF definition will be found in clk_dvsr.edf; an HDL definition may be placed in any Verilog/VHDL file.
CRITICAL WARNING: [EDIF 20-96] Could not resolve non-primitive black box cell 'test_pattern' instantiated as 'TP' [D:/aaaaa/Lab_10_Seq/main.v:26]
Resolution: File names need to match cell names: an EDIF definition will be found in test_pattern.edf; an HDL definition may be placed in any Verilog/VHDL file.
INFO: [Designutils 20-910] Reading macro library C:/Xilinx/14.5/ISE_DS/PlanAhead/data\./parts/xilinx/spartan3e/spartan3e/hd_int_macros.edn
Parsing EDIF File [C:/Xilinx/14.5/ISE_DS/PlanAhead/data\./parts/xilinx/spartan3e/spartan3e/hd_int_macros.edn]
Finished Parsing EDIF File [C:/Xilinx/14.5/ISE_DS/PlanAhead/data\./parts/xilinx/spartan3e/spartan3e/hd_int_macros.edn]
Loading clock regions from C:/Xilinx/14.5/ISE_DS/PlanAhead/data\parts/xilinx/spartan3e/spartan3e/xc3s500e/ClockRegion.xml
Loading clock buffers from C:/Xilinx/14.5/ISE_DS/PlanAhead/data\parts/xilinx/spartan3e/spartan3e/xc3s500e/ClockBuffers.xml
Loading package from C:/Xilinx/14.5/ISE_DS/PlanAhead/data\parts/xilinx/spartan3e/spartan3e/xc3s500e/fg320/Package.xml
Loading io standards from C:/Xilinx/14.5/ISE_DS/PlanAhead/data\./parts/xilinx/spartan3e/IOStandards.xml
INFO: [Device 21-19] Loading pkg sso from C:/Xilinx/14.5/ISE_DS/PlanAhead/data\parts/xilinx/spartan3e/spartan3e/xc3s500e/fg320/SSORules.xml
Loading list of drcs for the architecture : C:/Xilinx/14.5/ISE_DS/PlanAhead/data\./parts/xilinx/spartan3e/spartan3e/drc.xml
INFO: [Timing 38-77] Reading timing library C:/Xilinx/14.5/ISE_DS/PlanAhead/data\parts/xilinx/spartan3e/spartan3e/spartan3e-4.lib.
INFO: [Timing 38-34] Done reading timing library C:/Xilinx/14.5/ISE_DS/PlanAhead/data\parts/xilinx/spartan3e/spartan3e/spartan3e-4.lib.
Parsing UCF File [D:/aaaaa/Lab_10_Seq/main.ucf]
Finished Parsing UCF File [D:/aaaaa/Lab_10_Seq/main.ucf]
INFO: [Project 1-111] Unisim Transformation Summary:
No Unisim elements were transformed.

Phase 0 | Netlist Checksum: 092e4ef8
update_compile_order -fileset sim_1
set_property package_pin "" [get_ports [list  clk]]
startgroup
set_property package_pin G18 [get_ports clk]
endgroup
startgroup
set_property package_pin H18 [get_ports in]
endgroup
set_property package_pin "" [get_ports [list  s_out]]
startgroup
set_property package_pin K18 [get_ports rst]
endgroup
exit
ERROR: [PlanAhead 12-106] *** Exception: ui.h.b: Found deleted key in HTclEventBroker. Verify if the classes listed here call cleanup()
HTclEvent: SIGNAL_MODIFY   Classes: ui.views.aR 
HTclEvent: SIGNAL_BUS_MODIFY   Classes: ui.views.aR 
HTclEvent: DEBUG_CORE_CONFIG_CHANGE   Classes: ui.views.aR 
HTclEvent: DEBUG_PORT_CONFIG_CHANGE   Classes: ui.views.aR 
 (See D:/aaaaa/Lab_10_Seq\planAhead_pid1716.debug)
ERROR: [Common 17-39] 'stop_gui' failed due to earlier errors.
INFO: [Common 17-206] Exiting PlanAhead at Fri Jun 02 20:09:03 2023...
INFO: [Common 17-83] Releasing license: PlanAhead
