Command line:
   tb_isim_beh.exe
     -simmode  gui
     -simrunnum  0
     -socket  56343

Fri May 19 12:53:22 2023


 Elaboration Time: 0.078125 sec

 Current Memory Usage: 5149.92 Meg

 Total Signals          : 16
 Total Nets             : 21
 Total Signal Drivers   : 10
 Total Blocks           : 3
 Total Primitive Blocks : 2
 Total Processes        : 12
 Total Traceable Variables  : 19
 Total Scalar Nets and Variables : 105
Total Line Count : 21

 Total Simulation Time: 0.09375 sec

 Current Memory Usage: 5149.92 Meg

Fri May 19 12:53:49 2023

